<?xml version="1.0" encoding="UTF-8"?>
<robot generator="Robot 3.2.2 (Python 3.9.2 on win32)" generated="20210317 12:38:15.192" rpa="false">
<suite id="s1" name="Mo" source="C:\Users\gaitri busetty\PycharmProjects\demo\TestCases\mo.robot">
<test id="s1-t1" name="mouseactions">
<kw name="Open Browser" library="SeleniumLibrary">
<doc>Opens a new browser instance to the given ``url``.</doc>
<arguments>
<arg>https://www.saucedemo.com/</arg>
<arg>chrome</arg>
</arguments>
<msg timestamp="20210317 12:38:15.384" level="INFO">Opening browser 'chrome' to base url 'https://www.saucedemo.com/'.</msg>
<status status="PASS" starttime="20210317 12:38:15.383" endtime="20210317 12:38:18.474"></status>
</kw>
<kw name="Maximize Browser Window" library="SeleniumLibrary">
<doc>Maximizes current browser window.</doc>
<status status="PASS" starttime="20210317 12:38:18.475" endtime="20210317 12:38:18.593"></status>
</kw>
<kw name="Open Context Menu" library="SeleniumLibrary">
<doc>Opens context menu on element identified by ``locator``.</doc>
<arguments>
<arg>xpath://input[@id='login-button']</arg>
</arguments>
<status status="PASS" starttime="20210317 12:38:18.594" endtime="20210317 12:38:18.886"></status>
</kw>
<kw name="Sleep" library="BuiltIn">
<doc>Pauses the test executed for the given time.</doc>
<arguments>
<arg>3s</arg>
</arguments>
<msg timestamp="20210317 12:38:21.896" level="INFO">Slept 3 seconds</msg>
<status status="PASS" starttime="20210317 12:38:18.886" endtime="20210317 12:38:21.896"></status>
</kw>
<kw name="Go To" library="SeleniumLibrary">
<doc>Navigates the active browser instance to the provided ``url``.</doc>
<arguments>
<arg>http://testautomationpractice.blogspot.com/</arg>
</arguments>
<msg timestamp="20210317 12:38:21.897" level="INFO">Opening url 'http://testautomationpractice.blogspot.com/'</msg>
<status status="PASS" starttime="20210317 12:38:21.896" endtime="20210317 12:38:28.664"></status>
</kw>
<kw name="Maximize Browser Window" library="SeleniumLibrary">
<doc>Maximizes current browser window.</doc>
<status status="PASS" starttime="20210317 12:38:28.664" endtime="20210317 12:38:28.672"></status>
</kw>
<kw name="Double Click Element" library="SeleniumLibrary">
<doc>Double click element identified by ``locator``.</doc>
<arguments>
<arg>xpath://button[contains(text(),'Copy Text')]</arg>
</arguments>
<msg timestamp="20210317 12:38:28.672" level="INFO">Double clicking element 'xpath://button[contains(text(),'Copy Text')]'.</msg>
<status status="PASS" starttime="20210317 12:38:28.672" endtime="20210317 12:38:28.967"></status>
</kw>
<kw name="Execute Javascript" library="SeleniumLibrary">
<doc>Executes the given JavaScript code.</doc>
<arguments>
<arg>window.scrollTo(0,600)</arg>
</arguments>
<msg timestamp="20210317 12:38:28.968" level="INFO">Executing JavaScript:
window.scrollTo(0,600)</msg>
<status status="PASS" starttime="20210317 12:38:28.968" endtime="20210317 12:38:28.973"></status>
</kw>
<kw name="Sleep" library="BuiltIn">
<doc>Pauses the test executed for the given time.</doc>
<arguments>
<arg>3s</arg>
</arguments>
<msg timestamp="20210317 12:38:31.988" level="INFO">Slept 3 seconds</msg>
<status status="PASS" starttime="20210317 12:38:28.973" endtime="20210317 12:38:31.989"></status>
</kw>
<kw name="Go To" library="SeleniumLibrary">
<doc>Navigates the active browser instance to the provided ``url``.</doc>
<arguments>
<arg>http://www.dhtmlgoodies.com/scripts/drag-drop-custom/demo-drag-drop-3.html</arg>
</arguments>
<msg timestamp="20210317 12:38:31.993" level="INFO">Opening url 'http://www.dhtmlgoodies.com/scripts/drag-drop-custom/demo-drag-drop-3.html'</msg>
<status status="PASS" starttime="20210317 12:38:31.992" endtime="20210317 12:38:36.470"></status>
</kw>
<kw name="Maximize Browser Window" library="SeleniumLibrary">
<doc>Maximizes current browser window.</doc>
<status status="PASS" starttime="20210317 12:38:36.470" endtime="20210317 12:38:36.476"></status>
</kw>
<kw name="Drag And Drop" library="SeleniumLibrary">
<doc>Drags element identified by ``locator`` into ``target`` element.</doc>
<arguments>
<arg>id:box5</arg>
<arg>id:box105</arg>
</arguments>
<status status="PASS" starttime="20210317 12:38:36.476" endtime="20210317 12:38:37.052"></status>
</kw>
<kw name="Sleep" library="BuiltIn">
<doc>Pauses the test executed for the given time.</doc>
<arguments>
<arg>3s</arg>
</arguments>
<msg timestamp="20210317 12:38:40.053" level="INFO">Slept 3 seconds</msg>
<status status="PASS" starttime="20210317 12:38:37.053" endtime="20210317 12:38:40.053"></status>
</kw>
<kw name="Go To" library="SeleniumLibrary">
<doc>Navigates the active browser instance to the provided ``url``.</doc>
<arguments>
<arg>http://www.practiceselenium.com/practice-form.html</arg>
</arguments>
<msg timestamp="20210317 12:38:40.056" level="INFO">Opening url 'http://www.practiceselenium.com/practice-form.html'</msg>
<status status="PASS" starttime="20210317 12:38:40.055" endtime="20210317 12:38:52.327"></status>
</kw>
<kw name="Maximize Browser Window" library="SeleniumLibrary">
<doc>Maximizes current browser window.</doc>
<status status="PASS" starttime="20210317 12:38:52.328" endtime="20210317 12:38:52.334"></status>
</kw>
<kw name="Select Radio Button" library="SeleniumLibrary">
<doc>Sets radio button group ``group_name`` to ``value``.</doc>
<arguments>
<arg>sex</arg>
<arg>Female</arg>
</arguments>
<msg timestamp="20210317 12:38:52.335" level="INFO">Selecting 'Female' from radio button 'sex'.</msg>
<status status="PASS" starttime="20210317 12:38:52.335" endtime="20210317 12:38:52.388"></status>
</kw>
<kw name="Sleep" library="BuiltIn">
<doc>Pauses the test executed for the given time.</doc>
<arguments>
<arg>2s</arg>
</arguments>
<msg timestamp="20210317 12:38:54.392" level="INFO">Slept 2 seconds</msg>
<status status="PASS" starttime="20210317 12:38:52.389" endtime="20210317 12:38:54.392"></status>
</kw>
<kw name="Select Radio Button" library="SeleniumLibrary">
<doc>Sets radio button group ``group_name`` to ``value``.</doc>
<arguments>
<arg>exp</arg>
<arg>4</arg>
</arguments>
<msg timestamp="20210317 12:38:54.393" level="INFO">Selecting '4' from radio button 'exp'.</msg>
<status status="PASS" starttime="20210317 12:38:54.393" endtime="20210317 12:38:54.463"></status>
</kw>
<kw name="Sleep" library="BuiltIn">
<doc>Pauses the test executed for the given time.</doc>
<arguments>
<arg>3s</arg>
</arguments>
<msg timestamp="20210317 12:38:57.475" level="INFO">Slept 3 seconds</msg>
<status status="PASS" starttime="20210317 12:38:54.464" endtime="20210317 12:38:57.475"></status>
</kw>
<kw name="Select Checkbox" library="SeleniumLibrary">
<doc>Selects checkbox identified by ``locator``.</doc>
<arguments>
<arg>BlackTea</arg>
</arguments>
<msg timestamp="20210317 12:38:57.478" level="INFO">Selecting checkbox 'BlackTea'.</msg>
<status status="PASS" starttime="20210317 12:38:57.477" endtime="20210317 12:38:57.553"></status>
</kw>
<kw name="Select Checkbox" library="SeleniumLibrary">
<doc>Selects checkbox identified by ``locator``.</doc>
<arguments>
<arg>oolong tea</arg>
</arguments>
<msg timestamp="20210317 12:38:57.554" level="INFO">Selecting checkbox 'oolong tea'.</msg>
<status status="PASS" starttime="20210317 12:38:57.554" endtime="20210317 12:38:57.610"></status>
</kw>
<kw name="Sleep" library="BuiltIn">
<doc>Pauses the test executed for the given time.</doc>
<arguments>
<arg>1s</arg>
</arguments>
<msg timestamp="20210317 12:38:58.617" level="INFO">Slept 1 second</msg>
<status status="PASS" starttime="20210317 12:38:57.611" endtime="20210317 12:38:58.617"></status>
</kw>
<kw name="Unselect Checkbox" library="SeleniumLibrary">
<doc>Removes selection of checkbox identified by ``locator``.</doc>
<arguments>
<arg>BlackTea</arg>
</arguments>
<msg timestamp="20210317 12:38:58.620" level="INFO">Unselecting checkbox 'BlackTea'.</msg>
<status status="PASS" starttime="20210317 12:38:58.619" endtime="20210317 12:38:58.670"></status>
</kw>
<kw name="Sleep" library="BuiltIn">
<doc>Pauses the test executed for the given time.</doc>
<arguments>
<arg>2s</arg>
</arguments>
<msg timestamp="20210317 12:39:00.678" level="INFO">Slept 2 seconds</msg>
<status status="PASS" starttime="20210317 12:38:58.671" endtime="20210317 12:39:00.679"></status>
</kw>
<kw name="Close Browser" library="SeleniumLibrary">
<doc>Closes the current browser.</doc>
<status status="PASS" starttime="20210317 12:39:00.680" endtime="20210317 12:39:02.881"></status>
</kw>
<status status="PASS" starttime="20210317 12:38:15.383" endtime="20210317 12:39:02.883" critical="yes"></status>
</test>
<status status="PASS" starttime="20210317 12:38:15.194" endtime="20210317 12:39:02.886"></status>
</suite>
<statistics>
<total>
<stat pass="1" fail="0">Critical Tests</stat>
<stat pass="1" fail="0">All Tests</stat>
</total>
<tag>
</tag>
<suite>
<stat pass="1" fail="0" id="s1" name="Mo">Mo</stat>
</suite>
</statistics>
<errors>
</errors>
</robot>
