<?xml version="1.0" encoding="UTF-8"?>
<robot generator="Robot 3.2.2 (Python 3.9.2 on win32)" generated="20210318 01:30:57.533" rpa="false">
<suite id="s1" name="Swag" source="C:\Users\gaitri busetty\PycharmProjects\demo\data\swag.robot">
<test id="s1-t1" name="SauceDemo">
<kw name="Test">
<arguments>
<arg>standard</arg>
<arg>secret_sauce</arg>
</arguments>
<kw name="LaunchBrowser" library="sawgl">
<kw name="Open Browser" library="SeleniumLibrary">
<doc>Opens a new browser instance to the given ``url``.</doc>
<arguments>
<arg>https://www.saucedemo.com/</arg>
<arg>chrome</arg>
</arguments>
<msg timestamp="20210318 01:30:59.644" level="INFO">Opening browser 'chrome' to base url 'https://www.saucedemo.com/'.</msg>
<status status="PASS" starttime="20210318 01:30:59.644" endtime="20210318 01:31:03.104"></status>
</kw>
<kw name="Maximize Browser Window" library="SeleniumLibrary">
<doc>Maximizes current browser window.</doc>
<status status="PASS" starttime="20210318 01:31:03.105" endtime="20210318 01:31:03.268"></status>
</kw>
<status status="PASS" starttime="20210318 01:30:59.644" endtime="20210318 01:31:03.272"></status>
</kw>
<kw name="username" library="sawgl">
<arguments>
<arg>${username}</arg>
</arguments>
<kw name="Input Text" library="SeleniumLibrary">
<doc>Types the given ``text`` into text field identified by ``locator``.</doc>
<arguments>
<arg>id:user-name</arg>
<arg>${username}</arg>
</arguments>
<msg timestamp="20210318 01:31:03.282" level="INFO">Typing text 'standard' into text field 'id:user-name'.</msg>
<status status="PASS" starttime="20210318 01:31:03.279" endtime="20210318 01:31:03.499"></status>
</kw>
<status status="PASS" starttime="20210318 01:31:03.272" endtime="20210318 01:31:03.500"></status>
</kw>
<kw name="password" library="sawgl">
<arguments>
<arg>${password}</arg>
</arguments>
<kw name="Input Password" library="SeleniumLibrary">
<doc>Types the given password into text field identified by ``locator``.</doc>
<arguments>
<arg>id:password</arg>
<arg>${password}</arg>
</arguments>
<msg timestamp="20210318 01:31:03.501" level="INFO">Typing password into text field 'id:password'.</msg>
<status status="PASS" starttime="20210318 01:31:03.501" endtime="20210318 01:31:03.669"></status>
</kw>
<status status="PASS" starttime="20210318 01:31:03.500" endtime="20210318 01:31:03.670"></status>
</kw>
<kw name="Login button" library="sawgl">
<kw name="Click Button" library="SeleniumLibrary">
<doc>Clicks button identified by ``locator``.</doc>
<arguments>
<arg>id:login-button</arg>
</arguments>
<msg timestamp="20210318 01:31:03.672" level="INFO">Clicking button 'id:login-button'.</msg>
<status status="PASS" starttime="20210318 01:31:03.672" endtime="20210318 01:31:03.783"></status>
</kw>
<kw name="Title Should Be" library="SeleniumLibrary">
<doc>Verifies that current page title equals ``title``.</doc>
<arguments>
<arg>Swag Labs</arg>
</arguments>
<msg timestamp="20210318 01:31:03.789" level="INFO">Page title is 'Swag Labs'.</msg>
<status status="PASS" starttime="20210318 01:31:03.783" endtime="20210318 01:31:03.791"></status>
</kw>
<kw name="Log To Console" library="BuiltIn">
<doc>Logs the given message to the console.</doc>
<arguments>
<arg>get title</arg>
</arguments>
<status status="PASS" starttime="20210318 01:31:03.791" endtime="20210318 01:31:03.791"></status>
</kw>
<kw name="Capture Page Screenshot" library="SeleniumLibrary">
<doc>Takes screenshot of the current page and embeds it into log file.</doc>
<msg timestamp="20210318 01:31:04.165" level="INFO" html="yes">&lt;/td&gt;&lt;/tr&gt;&lt;tr&gt;&lt;td colspan="3"&gt;&lt;a href="selenium-screenshot-11.png"&gt;&lt;img src="selenium-screenshot-11.png" width="800px"&gt;&lt;/a&gt;</msg>
<status status="PASS" starttime="20210318 01:31:03.792" endtime="20210318 01:31:04.165"></status>
</kw>
<kw name="Sleep" library="BuiltIn">
<doc>Pauses the test executed for the given time.</doc>
<arguments>
<arg>5s</arg>
</arguments>
<msg timestamp="20210318 01:31:09.175" level="INFO">Slept 5 seconds</msg>
<status status="PASS" starttime="20210318 01:31:04.166" endtime="20210318 01:31:09.175"></status>
</kw>
<status status="PASS" starttime="20210318 01:31:03.670" endtime="20210318 01:31:09.175"></status>
</kw>
<kw name="Get Element Count" library="SeleniumLibrary">
<doc>Returns number of elements matching ``locator``.</doc>
<arguments>
<arg>id:inventory_container</arg>
</arguments>
<assign>
<var>${name_in_page}</var>
</assign>
<msg timestamp="20210318 01:31:09.185" level="INFO">${name_in_page} = 0</msg>
<status status="PASS" starttime="20210318 01:31:09.175" endtime="20210318 01:31:09.185"></status>
</kw>
<kw name="Run Keyword If" library="BuiltIn">
<doc>Runs the given keyword with the given arguments, if ``condition`` is true.</doc>
<arguments>
<arg>${name_in_page} &gt; 0</arg>
<arg>Keyword1</arg>
<arg>ELSE</arg>
<arg>Keyword2</arg>
</arguments>
<kw name="keyword2">
<kw name="Log To Console" library="BuiltIn">
<doc>Logs the given message to the console.</doc>
<arguments>
<arg>Invalid</arg>
</arguments>
<status status="PASS" starttime="20210318 01:31:09.186" endtime="20210318 01:31:09.187"></status>
</kw>
<kw name="end" library="sawgl">
<kw name="Close Browser" library="SeleniumLibrary">
<doc>Closes the current browser.</doc>
<status status="PASS" starttime="20210318 01:31:09.187" endtime="20210318 01:31:11.520"></status>
</kw>
<status status="PASS" starttime="20210318 01:31:09.187" endtime="20210318 01:31:11.521"></status>
</kw>
<status status="PASS" starttime="20210318 01:31:09.186" endtime="20210318 01:31:11.522"></status>
</kw>
<status status="PASS" starttime="20210318 01:31:09.186" endtime="20210318 01:31:11.522"></status>
</kw>
<status status="PASS" starttime="20210318 01:30:59.644" endtime="20210318 01:31:11.522"></status>
</kw>
<status status="PASS" starttime="20210318 01:30:59.644" endtime="20210318 01:31:11.523" critical="yes"></status>
</test>
<test id="s1-t2" name="SauceDemo">
<kw name="Test">
<arguments>
<arg>problem_</arg>
<arg>secret_sauce</arg>
</arguments>
<kw name="LaunchBrowser" library="sawgl">
<kw name="Open Browser" library="SeleniumLibrary">
<doc>Opens a new browser instance to the given ``url``.</doc>
<arguments>
<arg>https://www.saucedemo.com/</arg>
<arg>chrome</arg>
</arguments>
<msg timestamp="20210318 01:31:11.530" level="INFO">Opening browser 'chrome' to base url 'https://www.saucedemo.com/'.</msg>
<status status="PASS" starttime="20210318 01:31:11.530" endtime="20210318 01:31:14.344"></status>
</kw>
<kw name="Maximize Browser Window" library="SeleniumLibrary">
<doc>Maximizes current browser window.</doc>
<status status="PASS" starttime="20210318 01:31:14.344" endtime="20210318 01:31:14.493"></status>
</kw>
<status status="PASS" starttime="20210318 01:31:11.529" endtime="20210318 01:31:14.495"></status>
</kw>
<kw name="username" library="sawgl">
<arguments>
<arg>${username}</arg>
</arguments>
<kw name="Input Text" library="SeleniumLibrary">
<doc>Types the given ``text`` into text field identified by ``locator``.</doc>
<arguments>
<arg>id:user-name</arg>
<arg>${username}</arg>
</arguments>
<msg timestamp="20210318 01:31:14.498" level="INFO">Typing text 'problem_' into text field 'id:user-name'.</msg>
<status status="PASS" starttime="20210318 01:31:14.497" endtime="20210318 01:31:14.723"></status>
</kw>
<status status="PASS" starttime="20210318 01:31:14.495" endtime="20210318 01:31:14.723"></status>
</kw>
<kw name="password" library="sawgl">
<arguments>
<arg>${password}</arg>
</arguments>
<kw name="Input Password" library="SeleniumLibrary">
<doc>Types the given password into text field identified by ``locator``.</doc>
<arguments>
<arg>id:password</arg>
<arg>${password}</arg>
</arguments>
<msg timestamp="20210318 01:31:14.723" level="INFO">Typing password into text field 'id:password'.</msg>
<status status="PASS" starttime="20210318 01:31:14.723" endtime="20210318 01:31:14.953"></status>
</kw>
<status status="PASS" starttime="20210318 01:31:14.723" endtime="20210318 01:31:14.954"></status>
</kw>
<kw name="Login button" library="sawgl">
<kw name="Click Button" library="SeleniumLibrary">
<doc>Clicks button identified by ``locator``.</doc>
<arguments>
<arg>id:login-button</arg>
</arguments>
<msg timestamp="20210318 01:31:14.955" level="INFO">Clicking button 'id:login-button'.</msg>
<status status="PASS" starttime="20210318 01:31:14.955" endtime="20210318 01:31:15.029"></status>
</kw>
<kw name="Title Should Be" library="SeleniumLibrary">
<doc>Verifies that current page title equals ``title``.</doc>
<arguments>
<arg>Swag Labs</arg>
</arguments>
<msg timestamp="20210318 01:31:15.035" level="INFO">Page title is 'Swag Labs'.</msg>
<status status="PASS" starttime="20210318 01:31:15.029" endtime="20210318 01:31:15.035"></status>
</kw>
<kw name="Log To Console" library="BuiltIn">
<doc>Logs the given message to the console.</doc>
<arguments>
<arg>get title</arg>
</arguments>
<status status="PASS" starttime="20210318 01:31:15.035" endtime="20210318 01:31:15.036"></status>
</kw>
<kw name="Capture Page Screenshot" library="SeleniumLibrary">
<doc>Takes screenshot of the current page and embeds it into log file.</doc>
<msg timestamp="20210318 01:31:15.448" level="INFO" html="yes">&lt;/td&gt;&lt;/tr&gt;&lt;tr&gt;&lt;td colspan="3"&gt;&lt;a href="selenium-screenshot-12.png"&gt;&lt;img src="selenium-screenshot-12.png" width="800px"&gt;&lt;/a&gt;</msg>
<status status="PASS" starttime="20210318 01:31:15.037" endtime="20210318 01:31:15.449"></status>
</kw>
<kw name="Sleep" library="BuiltIn">
<doc>Pauses the test executed for the given time.</doc>
<arguments>
<arg>5s</arg>
</arguments>
<msg timestamp="20210318 01:31:20.449" level="INFO">Slept 5 seconds</msg>
<status status="PASS" starttime="20210318 01:31:15.449" endtime="20210318 01:31:20.449"></status>
</kw>
<status status="PASS" starttime="20210318 01:31:14.954" endtime="20210318 01:31:20.450"></status>
</kw>
<kw name="Get Element Count" library="SeleniumLibrary">
<doc>Returns number of elements matching ``locator``.</doc>
<arguments>
<arg>id:inventory_container</arg>
</arguments>
<assign>
<var>${name_in_page}</var>
</assign>
<msg timestamp="20210318 01:31:20.467" level="INFO">${name_in_page} = 0</msg>
<status status="PASS" starttime="20210318 01:31:20.450" endtime="20210318 01:31:20.467"></status>
</kw>
<kw name="Run Keyword If" library="BuiltIn">
<doc>Runs the given keyword with the given arguments, if ``condition`` is true.</doc>
<arguments>
<arg>${name_in_page} &gt; 0</arg>
<arg>Keyword1</arg>
<arg>ELSE</arg>
<arg>Keyword2</arg>
</arguments>
<kw name="keyword2">
<kw name="Log To Console" library="BuiltIn">
<doc>Logs the given message to the console.</doc>
<arguments>
<arg>Invalid</arg>
</arguments>
<status status="PASS" starttime="20210318 01:31:20.468" endtime="20210318 01:31:20.470"></status>
</kw>
<kw name="end" library="sawgl">
<kw name="Close Browser" library="SeleniumLibrary">
<doc>Closes the current browser.</doc>
<status status="PASS" starttime="20210318 01:31:20.470" endtime="20210318 01:31:22.800"></status>
</kw>
<status status="PASS" starttime="20210318 01:31:20.470" endtime="20210318 01:31:22.800"></status>
</kw>
<status status="PASS" starttime="20210318 01:31:20.468" endtime="20210318 01:31:22.801"></status>
</kw>
<status status="PASS" starttime="20210318 01:31:20.468" endtime="20210318 01:31:22.801"></status>
</kw>
<status status="PASS" starttime="20210318 01:31:11.528" endtime="20210318 01:31:22.801"></status>
</kw>
<status status="PASS" starttime="20210318 01:31:11.527" endtime="20210318 01:31:22.802" critical="yes"></status>
</test>
<test id="s1-t3" name="SauceDemo">
<kw name="Test">
<arguments>
<arg>gaitri</arg>
<arg>secret_sauce</arg>
</arguments>
<kw name="LaunchBrowser" library="sawgl">
<kw name="Open Browser" library="SeleniumLibrary">
<doc>Opens a new browser instance to the given ``url``.</doc>
<arguments>
<arg>https://www.saucedemo.com/</arg>
<arg>chrome</arg>
</arguments>
<msg timestamp="20210318 01:31:22.809" level="INFO">Opening browser 'chrome' to base url 'https://www.saucedemo.com/'.</msg>
<status status="PASS" starttime="20210318 01:31:22.808" endtime="20210318 01:31:26.335"></status>
</kw>
<kw name="Maximize Browser Window" library="SeleniumLibrary">
<doc>Maximizes current browser window.</doc>
<status status="PASS" starttime="20210318 01:31:26.335" endtime="20210318 01:31:26.483"></status>
</kw>
<status status="PASS" starttime="20210318 01:31:22.808" endtime="20210318 01:31:26.484"></status>
</kw>
<kw name="username" library="sawgl">
<arguments>
<arg>${username}</arg>
</arguments>
<kw name="Input Text" library="SeleniumLibrary">
<doc>Types the given ``text`` into text field identified by ``locator``.</doc>
<arguments>
<arg>id:user-name</arg>
<arg>${username}</arg>
</arguments>
<msg timestamp="20210318 01:31:26.491" level="INFO">Typing text 'gaitri' into text field 'id:user-name'.</msg>
<status status="PASS" starttime="20210318 01:31:26.489" endtime="20210318 01:31:26.677"></status>
</kw>
<status status="PASS" starttime="20210318 01:31:26.485" endtime="20210318 01:31:26.678"></status>
</kw>
<kw name="password" library="sawgl">
<arguments>
<arg>${password}</arg>
</arguments>
<kw name="Input Password" library="SeleniumLibrary">
<doc>Types the given password into text field identified by ``locator``.</doc>
<arguments>
<arg>id:password</arg>
<arg>${password}</arg>
</arguments>
<msg timestamp="20210318 01:31:26.679" level="INFO">Typing password into text field 'id:password'.</msg>
<status status="PASS" starttime="20210318 01:31:26.679" endtime="20210318 01:31:26.889"></status>
</kw>
<status status="PASS" starttime="20210318 01:31:26.678" endtime="20210318 01:31:26.889"></status>
</kw>
<kw name="Login button" library="sawgl">
<kw name="Click Button" library="SeleniumLibrary">
<doc>Clicks button identified by ``locator``.</doc>
<arguments>
<arg>id:login-button</arg>
</arguments>
<msg timestamp="20210318 01:31:26.890" level="INFO">Clicking button 'id:login-button'.</msg>
<status status="PASS" starttime="20210318 01:31:26.890" endtime="20210318 01:31:27.013"></status>
</kw>
<kw name="Title Should Be" library="SeleniumLibrary">
<doc>Verifies that current page title equals ``title``.</doc>
<arguments>
<arg>Swag Labs</arg>
</arguments>
<msg timestamp="20210318 01:31:27.025" level="INFO">Page title is 'Swag Labs'.</msg>
<status status="PASS" starttime="20210318 01:31:27.013" endtime="20210318 01:31:27.025"></status>
</kw>
<kw name="Log To Console" library="BuiltIn">
<doc>Logs the given message to the console.</doc>
<arguments>
<arg>get title</arg>
</arguments>
<status status="PASS" starttime="20210318 01:31:27.026" endtime="20210318 01:31:27.026"></status>
</kw>
<kw name="Capture Page Screenshot" library="SeleniumLibrary">
<doc>Takes screenshot of the current page and embeds it into log file.</doc>
<msg timestamp="20210318 01:31:27.405" level="INFO" html="yes">&lt;/td&gt;&lt;/tr&gt;&lt;tr&gt;&lt;td colspan="3"&gt;&lt;a href="selenium-screenshot-13.png"&gt;&lt;img src="selenium-screenshot-13.png" width="800px"&gt;&lt;/a&gt;</msg>
<status status="PASS" starttime="20210318 01:31:27.027" endtime="20210318 01:31:27.405"></status>
</kw>
<kw name="Sleep" library="BuiltIn">
<doc>Pauses the test executed for the given time.</doc>
<arguments>
<arg>5s</arg>
</arguments>
<msg timestamp="20210318 01:31:32.410" level="INFO">Slept 5 seconds</msg>
<status status="PASS" starttime="20210318 01:31:27.405" endtime="20210318 01:31:32.410"></status>
</kw>
<status status="PASS" starttime="20210318 01:31:26.889" endtime="20210318 01:31:32.411"></status>
</kw>
<kw name="Get Element Count" library="SeleniumLibrary">
<doc>Returns number of elements matching ``locator``.</doc>
<arguments>
<arg>id:inventory_container</arg>
</arguments>
<assign>
<var>${name_in_page}</var>
</assign>
<msg timestamp="20210318 01:31:32.432" level="INFO">${name_in_page} = 0</msg>
<status status="PASS" starttime="20210318 01:31:32.411" endtime="20210318 01:31:32.432"></status>
</kw>
<kw name="Run Keyword If" library="BuiltIn">
<doc>Runs the given keyword with the given arguments, if ``condition`` is true.</doc>
<arguments>
<arg>${name_in_page} &gt; 0</arg>
<arg>Keyword1</arg>
<arg>ELSE</arg>
<arg>Keyword2</arg>
</arguments>
<kw name="keyword2">
<kw name="Log To Console" library="BuiltIn">
<doc>Logs the given message to the console.</doc>
<arguments>
<arg>Invalid</arg>
</arguments>
<status status="PASS" starttime="20210318 01:31:32.434" endtime="20210318 01:31:32.435"></status>
</kw>
<kw name="end" library="sawgl">
<kw name="Close Browser" library="SeleniumLibrary">
<doc>Closes the current browser.</doc>
<status status="PASS" starttime="20210318 01:31:32.436" endtime="20210318 01:31:34.800"></status>
</kw>
<status status="PASS" starttime="20210318 01:31:32.435" endtime="20210318 01:31:34.801"></status>
</kw>
<status status="PASS" starttime="20210318 01:31:32.434" endtime="20210318 01:31:34.801"></status>
</kw>
<status status="PASS" starttime="20210318 01:31:32.433" endtime="20210318 01:31:34.801"></status>
</kw>
<status status="PASS" starttime="20210318 01:31:22.807" endtime="20210318 01:31:34.801"></status>
</kw>
<status status="PASS" starttime="20210318 01:31:22.806" endtime="20210318 01:31:34.802" critical="yes"></status>
</test>
<test id="s1-t4" name="SauceDemo">
<kw name="Test">
<arguments>
<arg>busetty</arg>
<arg>secret_sauce</arg>
</arguments>
<kw name="LaunchBrowser" library="sawgl">
<kw name="Open Browser" library="SeleniumLibrary">
<doc>Opens a new browser instance to the given ``url``.</doc>
<arguments>
<arg>https://www.saucedemo.com/</arg>
<arg>chrome</arg>
</arguments>
<msg timestamp="20210318 01:31:34.810" level="INFO">Opening browser 'chrome' to base url 'https://www.saucedemo.com/'.</msg>
<status status="PASS" starttime="20210318 01:31:34.810" endtime="20210318 01:31:38.511"></status>
</kw>
<kw name="Maximize Browser Window" library="SeleniumLibrary">
<doc>Maximizes current browser window.</doc>
<status status="PASS" starttime="20210318 01:31:38.511" endtime="20210318 01:31:38.654"></status>
</kw>
<status status="PASS" starttime="20210318 01:31:34.809" endtime="20210318 01:31:38.654"></status>
</kw>
<kw name="username" library="sawgl">
<arguments>
<arg>${username}</arg>
</arguments>
<kw name="Input Text" library="SeleniumLibrary">
<doc>Types the given ``text`` into text field identified by ``locator``.</doc>
<arguments>
<arg>id:user-name</arg>
<arg>${username}</arg>
</arguments>
<msg timestamp="20210318 01:31:38.656" level="INFO">Typing text 'busetty' into text field 'id:user-name'.</msg>
<status status="PASS" starttime="20210318 01:31:38.655" endtime="20210318 01:31:38.853"></status>
</kw>
<status status="PASS" starttime="20210318 01:31:38.654" endtime="20210318 01:31:38.853"></status>
</kw>
<kw name="password" library="sawgl">
<arguments>
<arg>${password}</arg>
</arguments>
<kw name="Input Password" library="SeleniumLibrary">
<doc>Types the given password into text field identified by ``locator``.</doc>
<arguments>
<arg>id:password</arg>
<arg>${password}</arg>
</arguments>
<msg timestamp="20210318 01:31:38.855" level="INFO">Typing password into text field 'id:password'.</msg>
<status status="PASS" starttime="20210318 01:31:38.854" endtime="20210318 01:31:39.069"></status>
</kw>
<status status="PASS" starttime="20210318 01:31:38.853" endtime="20210318 01:31:39.069"></status>
</kw>
<kw name="Login button" library="sawgl">
<kw name="Click Button" library="SeleniumLibrary">
<doc>Clicks button identified by ``locator``.</doc>
<arguments>
<arg>id:login-button</arg>
</arguments>
<msg timestamp="20210318 01:31:39.071" level="INFO">Clicking button 'id:login-button'.</msg>
<status status="PASS" starttime="20210318 01:31:39.070" endtime="20210318 01:31:39.211"></status>
</kw>
<kw name="Title Should Be" library="SeleniumLibrary">
<doc>Verifies that current page title equals ``title``.</doc>
<arguments>
<arg>Swag Labs</arg>
</arguments>
<msg timestamp="20210318 01:31:39.223" level="INFO">Page title is 'Swag Labs'.</msg>
<status status="PASS" starttime="20210318 01:31:39.212" endtime="20210318 01:31:39.223"></status>
</kw>
<kw name="Log To Console" library="BuiltIn">
<doc>Logs the given message to the console.</doc>
<arguments>
<arg>get title</arg>
</arguments>
<status status="PASS" starttime="20210318 01:31:39.223" endtime="20210318 01:31:39.223"></status>
</kw>
<kw name="Capture Page Screenshot" library="SeleniumLibrary">
<doc>Takes screenshot of the current page and embeds it into log file.</doc>
<msg timestamp="20210318 01:31:39.599" level="INFO" html="yes">&lt;/td&gt;&lt;/tr&gt;&lt;tr&gt;&lt;td colspan="3"&gt;&lt;a href="selenium-screenshot-14.png"&gt;&lt;img src="selenium-screenshot-14.png" width="800px"&gt;&lt;/a&gt;</msg>
<status status="PASS" starttime="20210318 01:31:39.225" endtime="20210318 01:31:39.599"></status>
</kw>
<kw name="Sleep" library="BuiltIn">
<doc>Pauses the test executed for the given time.</doc>
<arguments>
<arg>5s</arg>
</arguments>
<msg timestamp="20210318 01:31:44.605" level="INFO">Slept 5 seconds</msg>
<status status="PASS" starttime="20210318 01:31:39.599" endtime="20210318 01:31:44.605"></status>
</kw>
<status status="PASS" starttime="20210318 01:31:39.069" endtime="20210318 01:31:44.605"></status>
</kw>
<kw name="Get Element Count" library="SeleniumLibrary">
<doc>Returns number of elements matching ``locator``.</doc>
<arguments>
<arg>id:inventory_container</arg>
</arguments>
<assign>
<var>${name_in_page}</var>
</assign>
<msg timestamp="20210318 01:31:44.618" level="INFO">${name_in_page} = 0</msg>
<status status="PASS" starttime="20210318 01:31:44.605" endtime="20210318 01:31:44.618"></status>
</kw>
<kw name="Run Keyword If" library="BuiltIn">
<doc>Runs the given keyword with the given arguments, if ``condition`` is true.</doc>
<arguments>
<arg>${name_in_page} &gt; 0</arg>
<arg>Keyword1</arg>
<arg>ELSE</arg>
<arg>Keyword2</arg>
</arguments>
<kw name="keyword2">
<kw name="Log To Console" library="BuiltIn">
<doc>Logs the given message to the console.</doc>
<arguments>
<arg>Invalid</arg>
</arguments>
<status status="PASS" starttime="20210318 01:31:44.619" endtime="20210318 01:31:44.619"></status>
</kw>
<kw name="end" library="sawgl">
<kw name="Close Browser" library="SeleniumLibrary">
<doc>Closes the current browser.</doc>
<status status="PASS" starttime="20210318 01:31:44.619" endtime="20210318 01:31:47.700"></status>
</kw>
<status status="PASS" starttime="20210318 01:31:44.619" endtime="20210318 01:31:47.701"></status>
</kw>
<status status="PASS" starttime="20210318 01:31:44.618" endtime="20210318 01:31:47.701"></status>
</kw>
<status status="PASS" starttime="20210318 01:31:44.618" endtime="20210318 01:31:47.701"></status>
</kw>
<status status="PASS" starttime="20210318 01:31:34.808" endtime="20210318 01:31:47.702"></status>
</kw>
<status status="PASS" starttime="20210318 01:31:34.807" endtime="20210318 01:31:47.702" critical="yes"></status>
</test>
<test id="s1-t5" name="SauceDemo">
<kw name="Test">
<arguments>
<arg>user</arg>
<arg>secret_sauce</arg>
</arguments>
<kw name="LaunchBrowser" library="sawgl">
<kw name="Open Browser" library="SeleniumLibrary">
<doc>Opens a new browser instance to the given ``url``.</doc>
<arguments>
<arg>https://www.saucedemo.com/</arg>
<arg>chrome</arg>
</arguments>
<msg timestamp="20210318 01:31:47.708" level="INFO">Opening browser 'chrome' to base url 'https://www.saucedemo.com/'.</msg>
<status status="PASS" starttime="20210318 01:31:47.708" endtime="20210318 01:31:51.316"></status>
</kw>
<kw name="Maximize Browser Window" library="SeleniumLibrary">
<doc>Maximizes current browser window.</doc>
<status status="PASS" starttime="20210318 01:31:51.317" endtime="20210318 01:31:51.466"></status>
</kw>
<status status="PASS" starttime="20210318 01:31:47.708" endtime="20210318 01:31:51.469"></status>
</kw>
<kw name="username" library="sawgl">
<arguments>
<arg>${username}</arg>
</arguments>
<kw name="Input Text" library="SeleniumLibrary">
<doc>Types the given ``text`` into text field identified by ``locator``.</doc>
<arguments>
<arg>id:user-name</arg>
<arg>${username}</arg>
</arguments>
<msg timestamp="20210318 01:31:51.472" level="INFO">Typing text 'user' into text field 'id:user-name'.</msg>
<status status="PASS" starttime="20210318 01:31:51.471" endtime="20210318 01:31:51.670"></status>
</kw>
<status status="PASS" starttime="20210318 01:31:51.469" endtime="20210318 01:31:51.671"></status>
</kw>
<kw name="password" library="sawgl">
<arguments>
<arg>${password}</arg>
</arguments>
<kw name="Input Password" library="SeleniumLibrary">
<doc>Types the given password into text field identified by ``locator``.</doc>
<arguments>
<arg>id:password</arg>
<arg>${password}</arg>
</arguments>
<msg timestamp="20210318 01:31:51.672" level="INFO">Typing password into text field 'id:password'.</msg>
<status status="PASS" starttime="20210318 01:31:51.672" endtime="20210318 01:31:51.872"></status>
</kw>
<status status="PASS" starttime="20210318 01:31:51.671" endtime="20210318 01:31:51.873"></status>
</kw>
<kw name="Login button" library="sawgl">
<kw name="Click Button" library="SeleniumLibrary">
<doc>Clicks button identified by ``locator``.</doc>
<arguments>
<arg>id:login-button</arg>
</arguments>
<msg timestamp="20210318 01:31:51.874" level="INFO">Clicking button 'id:login-button'.</msg>
<status status="PASS" starttime="20210318 01:31:51.873" endtime="20210318 01:31:51.981"></status>
</kw>
<kw name="Title Should Be" library="SeleniumLibrary">
<doc>Verifies that current page title equals ``title``.</doc>
<arguments>
<arg>Swag Labs</arg>
</arguments>
<msg timestamp="20210318 01:31:51.989" level="INFO">Page title is 'Swag Labs'.</msg>
<status status="PASS" starttime="20210318 01:31:51.981" endtime="20210318 01:31:51.989"></status>
</kw>
<kw name="Log To Console" library="BuiltIn">
<doc>Logs the given message to the console.</doc>
<arguments>
<arg>get title</arg>
</arguments>
<status status="PASS" starttime="20210318 01:31:51.990" endtime="20210318 01:31:51.991"></status>
</kw>
<kw name="Capture Page Screenshot" library="SeleniumLibrary">
<doc>Takes screenshot of the current page and embeds it into log file.</doc>
<msg timestamp="20210318 01:31:52.378" level="INFO" html="yes">&lt;/td&gt;&lt;/tr&gt;&lt;tr&gt;&lt;td colspan="3"&gt;&lt;a href="selenium-screenshot-15.png"&gt;&lt;img src="selenium-screenshot-15.png" width="800px"&gt;&lt;/a&gt;</msg>
<status status="PASS" starttime="20210318 01:31:51.991" endtime="20210318 01:31:52.379"></status>
</kw>
<kw name="Sleep" library="BuiltIn">
<doc>Pauses the test executed for the given time.</doc>
<arguments>
<arg>5s</arg>
</arguments>
<msg timestamp="20210318 01:31:57.380" level="INFO">Slept 5 seconds</msg>
<status status="PASS" starttime="20210318 01:31:52.379" endtime="20210318 01:31:57.380"></status>
</kw>
<status status="PASS" starttime="20210318 01:31:51.873" endtime="20210318 01:31:57.380"></status>
</kw>
<kw name="Get Element Count" library="SeleniumLibrary">
<doc>Returns number of elements matching ``locator``.</doc>
<arguments>
<arg>id:inventory_container</arg>
</arguments>
<assign>
<var>${name_in_page}</var>
</assign>
<msg timestamp="20210318 01:31:57.399" level="INFO">${name_in_page} = 0</msg>
<status status="PASS" starttime="20210318 01:31:57.380" endtime="20210318 01:31:57.399"></status>
</kw>
<kw name="Run Keyword If" library="BuiltIn">
<doc>Runs the given keyword with the given arguments, if ``condition`` is true.</doc>
<arguments>
<arg>${name_in_page} &gt; 0</arg>
<arg>Keyword1</arg>
<arg>ELSE</arg>
<arg>Keyword2</arg>
</arguments>
<kw name="keyword2">
<kw name="Log To Console" library="BuiltIn">
<doc>Logs the given message to the console.</doc>
<arguments>
<arg>Invalid</arg>
</arguments>
<status status="PASS" starttime="20210318 01:31:57.401" endtime="20210318 01:31:57.401"></status>
</kw>
<kw name="end" library="sawgl">
<kw name="Close Browser" library="SeleniumLibrary">
<doc>Closes the current browser.</doc>
<status status="PASS" starttime="20210318 01:31:57.402" endtime="20210318 01:31:59.670"></status>
</kw>
<status status="PASS" starttime="20210318 01:31:57.402" endtime="20210318 01:31:59.670"></status>
</kw>
<status status="PASS" starttime="20210318 01:31:57.400" endtime="20210318 01:31:59.671"></status>
</kw>
<status status="PASS" starttime="20210318 01:31:57.399" endtime="20210318 01:31:59.671"></status>
</kw>
<status status="PASS" starttime="20210318 01:31:47.707" endtime="20210318 01:31:59.671"></status>
</kw>
<status status="PASS" starttime="20210318 01:31:47.706" endtime="20210318 01:31:59.672" critical="yes"></status>
</test>
<test id="s1-t6" name="SauceDemo">
<kw name="Test">
<arguments>
<arg>secret</arg>
<arg>secret_sauce</arg>
</arguments>
<kw name="LaunchBrowser" library="sawgl">
<kw name="Open Browser" library="SeleniumLibrary">
<doc>Opens a new browser instance to the given ``url``.</doc>
<arguments>
<arg>https://www.saucedemo.com/</arg>
<arg>chrome</arg>
</arguments>
<msg timestamp="20210318 01:31:59.680" level="INFO">Opening browser 'chrome' to base url 'https://www.saucedemo.com/'.</msg>
<status status="PASS" starttime="20210318 01:31:59.677" endtime="20210318 01:32:02.768"></status>
</kw>
<kw name="Maximize Browser Window" library="SeleniumLibrary">
<doc>Maximizes current browser window.</doc>
<status status="PASS" starttime="20210318 01:32:02.768" endtime="20210318 01:32:02.913"></status>
</kw>
<status status="PASS" starttime="20210318 01:31:59.677" endtime="20210318 01:32:02.914"></status>
</kw>
<kw name="username" library="sawgl">
<arguments>
<arg>${username}</arg>
</arguments>
<kw name="Input Text" library="SeleniumLibrary">
<doc>Types the given ``text`` into text field identified by ``locator``.</doc>
<arguments>
<arg>id:user-name</arg>
<arg>${username}</arg>
</arguments>
<msg timestamp="20210318 01:32:02.919" level="INFO">Typing text 'secret' into text field 'id:user-name'.</msg>
<status status="PASS" starttime="20210318 01:32:02.918" endtime="20210318 01:32:03.131"></status>
</kw>
<status status="PASS" starttime="20210318 01:32:02.914" endtime="20210318 01:32:03.131"></status>
</kw>
<kw name="password" library="sawgl">
<arguments>
<arg>${password}</arg>
</arguments>
<kw name="Input Password" library="SeleniumLibrary">
<doc>Types the given password into text field identified by ``locator``.</doc>
<arguments>
<arg>id:password</arg>
<arg>${password}</arg>
</arguments>
<msg timestamp="20210318 01:32:03.135" level="INFO">Typing password into text field 'id:password'.</msg>
<status status="PASS" starttime="20210318 01:32:03.131" endtime="20210318 01:32:03.306"></status>
</kw>
<status status="PASS" starttime="20210318 01:32:03.131" endtime="20210318 01:32:03.307"></status>
</kw>
<kw name="Login button" library="sawgl">
<kw name="Click Button" library="SeleniumLibrary">
<doc>Clicks button identified by ``locator``.</doc>
<arguments>
<arg>id:login-button</arg>
</arguments>
<msg timestamp="20210318 01:32:03.307" level="INFO">Clicking button 'id:login-button'.</msg>
<status status="PASS" starttime="20210318 01:32:03.307" endtime="20210318 01:32:03.446"></status>
</kw>
<kw name="Title Should Be" library="SeleniumLibrary">
<doc>Verifies that current page title equals ``title``.</doc>
<arguments>
<arg>Swag Labs</arg>
</arguments>
<msg timestamp="20210318 01:32:03.457" level="INFO">Page title is 'Swag Labs'.</msg>
<status status="PASS" starttime="20210318 01:32:03.446" endtime="20210318 01:32:03.457"></status>
</kw>
<kw name="Log To Console" library="BuiltIn">
<doc>Logs the given message to the console.</doc>
<arguments>
<arg>get title</arg>
</arguments>
<status status="PASS" starttime="20210318 01:32:03.457" endtime="20210318 01:32:03.460"></status>
</kw>
<kw name="Capture Page Screenshot" library="SeleniumLibrary">
<doc>Takes screenshot of the current page and embeds it into log file.</doc>
<msg timestamp="20210318 01:32:03.837" level="INFO" html="yes">&lt;/td&gt;&lt;/tr&gt;&lt;tr&gt;&lt;td colspan="3"&gt;&lt;a href="selenium-screenshot-16.png"&gt;&lt;img src="selenium-screenshot-16.png" width="800px"&gt;&lt;/a&gt;</msg>
<status status="PASS" starttime="20210318 01:32:03.460" endtime="20210318 01:32:03.837"></status>
</kw>
<kw name="Sleep" library="BuiltIn">
<doc>Pauses the test executed for the given time.</doc>
<arguments>
<arg>5s</arg>
</arguments>
<msg timestamp="20210318 01:32:08.840" level="INFO">Slept 5 seconds</msg>
<status status="PASS" starttime="20210318 01:32:03.837" endtime="20210318 01:32:08.841"></status>
</kw>
<status status="PASS" starttime="20210318 01:32:03.307" endtime="20210318 01:32:08.841"></status>
</kw>
<kw name="Get Element Count" library="SeleniumLibrary">
<doc>Returns number of elements matching ``locator``.</doc>
<arguments>
<arg>id:inventory_container</arg>
</arguments>
<assign>
<var>${name_in_page}</var>
</assign>
<msg timestamp="20210318 01:32:08.863" level="INFO">${name_in_page} = 0</msg>
<status status="PASS" starttime="20210318 01:32:08.842" endtime="20210318 01:32:08.863"></status>
</kw>
<kw name="Run Keyword If" library="BuiltIn">
<doc>Runs the given keyword with the given arguments, if ``condition`` is true.</doc>
<arguments>
<arg>${name_in_page} &gt; 0</arg>
<arg>Keyword1</arg>
<arg>ELSE</arg>
<arg>Keyword2</arg>
</arguments>
<kw name="keyword2">
<kw name="Log To Console" library="BuiltIn">
<doc>Logs the given message to the console.</doc>
<arguments>
<arg>Invalid</arg>
</arguments>
<status status="PASS" starttime="20210318 01:32:08.863" endtime="20210318 01:32:08.863"></status>
</kw>
<kw name="end" library="sawgl">
<kw name="Close Browser" library="SeleniumLibrary">
<doc>Closes the current browser.</doc>
<status status="PASS" starttime="20210318 01:32:08.869" endtime="20210318 01:32:11.240"></status>
</kw>
<status status="PASS" starttime="20210318 01:32:08.868" endtime="20210318 01:32:11.240"></status>
</kw>
<status status="PASS" starttime="20210318 01:32:08.863" endtime="20210318 01:32:11.241"></status>
</kw>
<status status="PASS" starttime="20210318 01:32:08.863" endtime="20210318 01:32:11.241"></status>
</kw>
<status status="PASS" starttime="20210318 01:31:59.677" endtime="20210318 01:32:11.241"></status>
</kw>
<status status="PASS" starttime="20210318 01:31:59.676" endtime="20210318 01:32:11.242" critical="yes"></status>
</test>
<status status="PASS" starttime="20210318 01:30:57.538" endtime="20210318 01:32:11.245"></status>
</suite>
<statistics>
<total>
<stat pass="6" fail="0">Critical Tests</stat>
<stat pass="6" fail="0">All Tests</stat>
</total>
<tag>
</tag>
<suite>
<stat pass="6" fail="0" id="s1" name="Swag">Swag</stat>
</suite>
</statistics>
<errors>
<msg timestamp="20210318 01:31:11.526" level="WARN">Multiple test cases with name 'SauceDemo' executed in test suite 'Swag'.</msg>
<msg timestamp="20210318 01:31:22.805" level="WARN">Multiple test cases with name 'SauceDemo' executed in test suite 'Swag'.</msg>
<msg timestamp="20210318 01:31:34.806" level="WARN">Multiple test cases with name 'SauceDemo' executed in test suite 'Swag'.</msg>
<msg timestamp="20210318 01:31:47.705" level="WARN">Multiple test cases with name 'SauceDemo' executed in test suite 'Swag'.</msg>
<msg timestamp="20210318 01:31:59.675" level="WARN">Multiple test cases with name 'SauceDemo' executed in test suite 'Swag'.</msg>
</errors>
</robot>
